<?xml version="1.0" encoding="UTF-8"?>
<!-- Generated by org.testng.reporters.JUnitReportReporter -->
<testsuite hostname="DESKTOP-UPJ4O7I" failures="0" tests="1" name="Com.healthcare.Testclass.TestClass_MRS_Broken_links" time="15.443" errors="0" timestamp="2023-07-28T18:27:07 IST" skipped="0">
  <testcase classname="Com.healthcare.Testclass.TestClass_MRS_Broken_links" name="TestMethod" time="15.443"/>
  <system-out/>
</testsuite> <!-- Com.healthcare.Testclass.TestClass_MRS_Broken_links -->
