<?xml version="1.0" encoding="UTF-8"?>
<!-- Generated by org.testng.reporters.JUnitReportReporter -->
<testsuite hostname="DESKTOP-UPJ4O7I" failures="0" tests="4" name="Com.healthcare.Testclass.TC_LoginTest_Data" time="61.445" errors="0" timestamp="2023-07-28T18:27:07 IST" skipped="0">
  <testcase classname="Com.healthcare.Testclass.TC_LoginTest_Data" name="Login" time="13.787"/>
  <system-out/>
  <testcase classname="Com.healthcare.Testclass.TC_LoginTest_Data" name="Login" time="13.450"/>
  <system-out/>
  <testcase classname="Com.healthcare.Testclass.TC_LoginTest_Data" name="Login" time="18.600"/>
  <system-out/>
  <testcase classname="Com.healthcare.Testclass.TC_LoginTest_Data" name="Login" time="15.608"/>
  <system-out/>
</testsuite> <!-- Com.healthcare.Testclass.TC_LoginTest_Data -->
